Performing C SOURCE FILE Test CMAKE_HAVE_LIBC_PTHREAD failed with the following output:
Change Dir: /home/yangzt/catkin_ws/src/qt_ros/cmake-build-debug/CMakeFiles/CMakeTmp

Run Build Command(s):/usr/bin/make cmTC_97bdc/fast && /usr/bin/make  -f CMakeFiles/cmTC_97bdc.dir/build.make CMakeFiles/cmTC_97bdc.dir/build
make[1]: Entering directory '/home/yangzt/catkin_ws/src/qt_ros/cmake-build-debug/CMakeFiles/CMakeTmp'
Building C object CMakeFiles/cmTC_97bdc.dir/src.c.o
/usr/bin/cc -DCMAKE_HAVE_LIBC_PTHREAD   -o CMakeFiles/cmTC_97bdc.dir/src.c.o -c /home/yangzt/catkin_ws/src/qt_ros/cmake-build-debug/CMakeFiles/CMakeTmp/src.c
Linking C executable cmTC_97bdc
/home/yangzt/clion-2020.3.1/bin/cmake/linux/bin/cmake -E cmake_link_script CMakeFiles/cmTC_97bdc.dir/link.txt --verbose=1
/usr/bin/cc -rdynamic CMakeFiles/cmTC_97bdc.dir/src.c.o -o cmTC_97bdc 
CMakeFiles/cmTC_97bdc.dir/src.c.o: In function `main':
src.c:(.text+0x3e): undefined reference to `pthread_create'
src.c:(.text+0x4a): undefined reference to `pthread_detach'
src.c:(.text+0x56): undefined reference to `pthread_cancel'
src.c:(.text+0x67): undefined reference to `pthread_join'
src.c:(.text+0x7b): undefined reference to `pthread_atfork'
collect2: error: ld returned 1 exit status
CMakeFiles/cmTC_97bdc.dir/build.make:105: recipe for target 'cmTC_97bdc' failed
make[1]: *** [cmTC_97bdc] Error 1
make[1]: Leaving directory '/home/yangzt/catkin_ws/src/qt_ros/cmake-build-debug/CMakeFiles/CMakeTmp'
Makefile:140: recipe for target 'cmTC_97bdc/fast' failed
make: *** [cmTC_97bdc/fast] Error 2


Source file was:
#include <pthread.h>

static void* test_func(void* data)
{
  return data;
}

int main(void)
{
  pthread_t thread;
  pthread_create(&thread, NULL, test_func, NULL);
  pthread_detach(thread);
  pthread_cancel(thread);
  pthread_join(thread, NULL);
  pthread_atfork(NULL, NULL, NULL);
  pthread_exit(NULL);

  return 0;
}

Determining if the function pthread_create exists in the pthreads failed with the following output:
Change Dir: /home/yangzt/catkin_ws/src/qt_ros/cmake-build-debug/CMakeFiles/CMakeTmp

Run Build Command(s):/usr/bin/make cmTC_080ee/fast && /usr/bin/make  -f CMakeFiles/cmTC_080ee.dir/build.make CMakeFiles/cmTC_080ee.dir/build
make[1]: Entering directory '/home/yangzt/catkin_ws/src/qt_ros/cmake-build-debug/CMakeFiles/CMakeTmp'
Building C object CMakeFiles/cmTC_080ee.dir/CheckFunctionExists.c.o
/usr/bin/cc   -DCHECK_FUNCTION_EXISTS=pthread_create -o CMakeFiles/cmTC_080ee.dir/CheckFunctionExists.c.o -c /home/yangzt/clion-2020.3.1/bin/cmake/linux/share/cmake-3.19/Modules/CheckFunctionExists.c
Linking C executable cmTC_080ee
/home/yangzt/clion-2020.3.1/bin/cmake/linux/bin/cmake -E cmake_link_script CMakeFiles/cmTC_080ee.dir/link.txt --verbose=1
/usr/bin/cc  -DCHECK_FUNCTION_EXISTS=pthread_create -rdynamic CMakeFiles/cmTC_080ee.dir/CheckFunctionExists.c.o -o cmTC_080ee  -lpthreads 
/usr/bin/ld: cannot find -lpthreads
collect2: error: ld returned 1 exit status
CMakeFiles/cmTC_080ee.dir/build.make:105: recipe for target 'cmTC_080ee' failed
make[1]: *** [cmTC_080ee] Error 1
make[1]: Leaving directory '/home/yangzt/catkin_ws/src/qt_ros/cmake-build-debug/CMakeFiles/CMakeTmp'
Makefile:140: recipe for target 'cmTC_080ee/fast' failed
make: *** [cmTC_080ee/fast] Error 2



Determining if the Q_WS_WIN exist failed with the following output:
Change Dir: /home/yangzt/catkin_ws/src/qt_ros/cmake-build-debug/CMakeFiles/CMakeTmp

Run Build Command(s):/usr/bin/make cmTC_3bd1b/fast && /usr/bin/make  -f CMakeFiles/cmTC_3bd1b.dir/build.make CMakeFiles/cmTC_3bd1b.dir/build
make[1]: Entering directory '/home/yangzt/catkin_ws/src/qt_ros/cmake-build-debug/CMakeFiles/CMakeTmp'
Building CXX object CMakeFiles/cmTC_3bd1b.dir/CheckSymbolExists.cxx.o
/usr/bin/c++  -I/usr/include/qt4  -o CMakeFiles/cmTC_3bd1b.dir/CheckSymbolExists.cxx.o -c /home/yangzt/catkin_ws/src/qt_ros/cmake-build-debug/CMakeFiles/CMakeTmp/CheckSymbolExists.cxx
/home/yangzt/catkin_ws/src/qt_ros/cmake-build-debug/CMakeFiles/CMakeTmp/CheckSymbolExists.cxx: In function ‘int main(int, char**)’:
/home/yangzt/catkin_ws/src/qt_ros/cmake-build-debug/CMakeFiles/CMakeTmp/CheckSymbolExists.cxx:8:19: error: ‘Q_WS_WIN’ was not declared in this scope
   return ((int*)(&Q_WS_WIN))[argc];
                   ^~~~~~~~
/home/yangzt/catkin_ws/src/qt_ros/cmake-build-debug/CMakeFiles/CMakeTmp/CheckSymbolExists.cxx:8:19: note: suggested alternative: ‘Q_WS_X11’
   return ((int*)(&Q_WS_WIN))[argc];
                   ^~~~~~~~
                   Q_WS_X11
CMakeFiles/cmTC_3bd1b.dir/build.make:84: recipe for target 'CMakeFiles/cmTC_3bd1b.dir/CheckSymbolExists.cxx.o' failed
make[1]: *** [CMakeFiles/cmTC_3bd1b.dir/CheckSymbolExists.cxx.o] Error 1
make[1]: Leaving directory '/home/yangzt/catkin_ws/src/qt_ros/cmake-build-debug/CMakeFiles/CMakeTmp'
Makefile:140: recipe for target 'cmTC_3bd1b/fast' failed
make: *** [cmTC_3bd1b/fast] Error 2


File /home/yangzt/catkin_ws/src/qt_ros/cmake-build-debug/CMakeFiles/CMakeTmp/CheckSymbolExists.cxx:
/* */
#include <QtCore/qglobal.h>

int main(int argc, char** argv)
{
  (void)argv;
#ifndef Q_WS_WIN
  return ((int*)(&Q_WS_WIN))[argc];
#else
  (void)argc;
  return 0;
#endif
}
Determining if the Q_WS_QWS exist failed with the following output:
Change Dir: /home/yangzt/catkin_ws/src/qt_ros/cmake-build-debug/CMakeFiles/CMakeTmp

Run Build Command(s):/usr/bin/make cmTC_3f2ba/fast && /usr/bin/make  -f CMakeFiles/cmTC_3f2ba.dir/build.make CMakeFiles/cmTC_3f2ba.dir/build
make[1]: Entering directory '/home/yangzt/catkin_ws/src/qt_ros/cmake-build-debug/CMakeFiles/CMakeTmp'
Building CXX object CMakeFiles/cmTC_3f2ba.dir/CheckSymbolExists.cxx.o
/usr/bin/c++  -I/usr/include/qt4  -o CMakeFiles/cmTC_3f2ba.dir/CheckSymbolExists.cxx.o -c /home/yangzt/catkin_ws/src/qt_ros/cmake-build-debug/CMakeFiles/CMakeTmp/CheckSymbolExists.cxx
/home/yangzt/catkin_ws/src/qt_ros/cmake-build-debug/CMakeFiles/CMakeTmp/CheckSymbolExists.cxx: In function ‘int main(int, char**)’:
/home/yangzt/catkin_ws/src/qt_ros/cmake-build-debug/CMakeFiles/CMakeTmp/CheckSymbolExists.cxx:8:19: error: ‘Q_WS_QWS’ was not declared in this scope
   return ((int*)(&Q_WS_QWS))[argc];
                   ^~~~~~~~
/home/yangzt/catkin_ws/src/qt_ros/cmake-build-debug/CMakeFiles/CMakeTmp/CheckSymbolExists.cxx:8:19: note: suggested alternative: ‘Q_WS_X11’
   return ((int*)(&Q_WS_QWS))[argc];
                   ^~~~~~~~
                   Q_WS_X11
CMakeFiles/cmTC_3f2ba.dir/build.make:84: recipe for target 'CMakeFiles/cmTC_3f2ba.dir/CheckSymbolExists.cxx.o' failed
make[1]: *** [CMakeFiles/cmTC_3f2ba.dir/CheckSymbolExists.cxx.o] Error 1
make[1]: Leaving directory '/home/yangzt/catkin_ws/src/qt_ros/cmake-build-debug/CMakeFiles/CMakeTmp'
Makefile:140: recipe for target 'cmTC_3f2ba/fast' failed
make: *** [cmTC_3f2ba/fast] Error 2


File /home/yangzt/catkin_ws/src/qt_ros/cmake-build-debug/CMakeFiles/CMakeTmp/CheckSymbolExists.cxx:
/* */
#include <QtCore/qglobal.h>

int main(int argc, char** argv)
{
  (void)argv;
#ifndef Q_WS_QWS
  return ((int*)(&Q_WS_QWS))[argc];
#else
  (void)argc;
  return 0;
#endif
}
Determining if the Q_WS_MAC exist failed with the following output:
Change Dir: /home/yangzt/catkin_ws/src/qt_ros/cmake-build-debug/CMakeFiles/CMakeTmp

Run Build Command(s):/usr/bin/make cmTC_f6174/fast && /usr/bin/make  -f CMakeFiles/cmTC_f6174.dir/build.make CMakeFiles/cmTC_f6174.dir/build
make[1]: Entering directory '/home/yangzt/catkin_ws/src/qt_ros/cmake-build-debug/CMakeFiles/CMakeTmp'
Building CXX object CMakeFiles/cmTC_f6174.dir/CheckSymbolExists.cxx.o
/usr/bin/c++  -I/usr/include/qt4  -o CMakeFiles/cmTC_f6174.dir/CheckSymbolExists.cxx.o -c /home/yangzt/catkin_ws/src/qt_ros/cmake-build-debug/CMakeFiles/CMakeTmp/CheckSymbolExists.cxx
/home/yangzt/catkin_ws/src/qt_ros/cmake-build-debug/CMakeFiles/CMakeTmp/CheckSymbolExists.cxx: In function ‘int main(int, char**)’:
/home/yangzt/catkin_ws/src/qt_ros/cmake-build-debug/CMakeFiles/CMakeTmp/CheckSymbolExists.cxx:8:19: error: ‘Q_WS_MAC’ was not declared in this scope
   return ((int*)(&Q_WS_MAC))[argc];
                   ^~~~~~~~
/home/yangzt/catkin_ws/src/qt_ros/cmake-build-debug/CMakeFiles/CMakeTmp/CheckSymbolExists.cxx:8:19: note: suggested alternative: ‘Q_WS_X11’
   return ((int*)(&Q_WS_MAC))[argc];
                   ^~~~~~~~
                   Q_WS_X11
CMakeFiles/cmTC_f6174.dir/build.make:84: recipe for target 'CMakeFiles/cmTC_f6174.dir/CheckSymbolExists.cxx.o' failed
make[1]: *** [CMakeFiles/cmTC_f6174.dir/CheckSymbolExists.cxx.o] Error 1
make[1]: Leaving directory '/home/yangzt/catkin_ws/src/qt_ros/cmake-build-debug/CMakeFiles/CMakeTmp'
Makefile:140: recipe for target 'cmTC_f6174/fast' failed
make: *** [cmTC_f6174/fast] Error 2


File /home/yangzt/catkin_ws/src/qt_ros/cmake-build-debug/CMakeFiles/CMakeTmp/CheckSymbolExists.cxx:
/* */
#include <QtCore/qglobal.h>

int main(int argc, char** argv)
{
  (void)argv;
#ifndef Q_WS_MAC
  return ((int*)(&Q_WS_MAC))[argc];
#else
  (void)argc;
  return 0;
#endif
}
